2025-08-05 19:39:34 | ------ طلب جديد ------
2025-08-05 19:39:34 | استقبال اسم ملف: عرض سعر - منزل فلان الفلاني - 7053.pdf
2025-08-05 19:39:34 | حجم البيانات المستقبلة: 4858333 بايت
2025-08-05 19:39:34 | تم حفظ الملف بنجاح في: /var/www/files/main/public/system/pdf/عرض سعر - منزل فلان الفلاني - 7053.pdf
2025-08-05 19:39:34 | رابط الملف: https://alfagolden.com/system/pdf/%D8%B9%D8%B1%D8%B6+%D8%B3%D8%B9%D8%B1+-+%D9%85%D9%86%D8%B2%D9%84+%D9%81%D9%84%D8%A7%D9%86+%D8%A7%D9%84%D9%81%D9%84%D8%A7%D9%86%D9%8A+-+7053.pdf
2025-08-05 19:39:34 | تم إنهاء السكربت بنجاح
2025-08-05 19:42:54 | ------ طلب جديد ------
2025-08-05 19:42:54 | استقبال اسم ملف: عرض سعر - منزل فلان الفلاني - 7053.pdf
2025-08-05 19:42:54 | حجم البيانات المستقبلة: 4858333 بايت
2025-08-05 19:42:54 | تم حفظ الملف بنجاح في: /var/www/files/main/public/system/pdf/عرض سعر - منزل فلان الفلاني - 7053.pdf
2025-08-05 19:42:54 | رابط الملف: https://alfagolden.com/system/pdf/%D8%B9%D8%B1%D8%B6%20%D8%B3%D8%B9%D8%B1%20-%20%D9%85%D9%86%D8%B2%D9%84%20%D9%81%D9%84%D8%A7%D9%86%20%D8%A7%D9%84%D9%81%D9%84%D8%A7%D9%86%D9%8A%20-%207053.pdf
2025-08-05 19:42:54 | تم إنهاء السكربت بنجاح
2025-08-05 19:50:40 | ------ طلب جديد ------
2025-08-05 19:50:40 | استقبال اسم ملف: عرض سعر - منزل فلان الفلاني - 7053.pdf
2025-08-05 19:50:40 | حجم البيانات المستقبلة: 4858333 بايت
2025-08-05 19:50:40 | تم حفظ الملف بنجاح في: /var/www/files/main/public/system/pdf/عرض سعر - منزل فلان الفلاني - 7053.pdf
2025-08-05 19:50:40 | رابط الملف: https://alfagolden.com/system/pdf/%D8%B9%D8%B1%D8%B6%20%D8%B3%D8%B9%D8%B1%20-%20%D9%85%D9%86%D8%B2%D9%84%20%D9%81%D9%84%D8%A7%D9%86%20%D8%A7%D9%84%D9%81%D9%84%D8%A7%D9%86%D9%8A%20-%207053.pdf
2025-08-05 19:50:40 | تم إنهاء السكربت بنجاح
2025-08-05 19:50:57 | ------ طلب جديد ------
2025-08-05 19:50:57 | استقبال اسم ملف: عرض سعر - منزل فلان الفلاني - 7053.pdf
2025-08-05 19:50:57 | حجم البيانات المستقبلة: 4858333 بايت
2025-08-05 19:50:57 | تم حفظ الملف بنجاح في: /var/www/files/main/public/system/pdf/عرض سعر - منزل فلان الفلاني - 7053.pdf
2025-08-05 19:50:57 | رابط الملف: https://alfagolden.com/system/pdf/%D8%B9%D8%B1%D8%B6%20%D8%B3%D8%B9%D8%B1%20-%20%D9%85%D9%86%D8%B2%D9%84%20%D9%81%D9%84%D8%A7%D9%86%20%D8%A7%D9%84%D9%81%D9%84%D8%A7%D9%86%D9%8A%20-%207053.pdf
2025-08-05 19:50:57 | تم إنهاء السكربت بنجاح
2025-08-05 19:50:58 | ------ طلب جديد ------
2025-08-05 19:50:58 | استقبال اسم ملف: عرض سعر - منزل فلان الفلاني - 7053.pdf
2025-08-05 19:50:58 | حجم البيانات المستقبلة: 4858333 بايت
2025-08-05 19:50:58 | تم حفظ الملف بنجاح في: /var/www/files/main/public/system/pdf/عرض سعر - منزل فلان الفلاني - 7053.pdf
2025-08-05 19:50:58 | رابط الملف: https://alfagolden.com/system/pdf/%D8%B9%D8%B1%D8%B6%20%D8%B3%D8%B9%D8%B1%20-%20%D9%85%D9%86%D8%B2%D9%84%20%D9%81%D9%84%D8%A7%D9%86%20%D8%A7%D9%84%D9%81%D9%84%D8%A7%D9%86%D9%8A%20-%207053.pdf
2025-08-05 19:50:58 | تم إنهاء السكربت بنجاح
2025-08-05 19:52:17 | ------ طلب جديد ------
2025-08-05 19:52:17 | استقبال اسم ملف: عرض سعر - منزل فلان الفلاني - 7053.pdf
2025-08-05 19:52:17 | حجم البيانات المستقبلة: 4858333 بايت
2025-08-05 19:52:17 | تم حفظ الملف بنجاح في: /var/www/files/main/public/system/pdf/عرض سعر - منزل فلان الفلاني - 7053.pdf
2025-08-05 19:52:17 | رابط الملف: https://alfagolden.com/system/pdf/%D8%B9%D8%B1%D8%B6%20%D8%B3%D8%B9%D8%B1%20-%20%D9%85%D9%86%D8%B2%D9%84%20%D9%81%D9%84%D8%A7%D9%86%20%D8%A7%D9%84%D9%81%D9%84%D8%A7%D9%86%D9%8A%20-%207053.pdf
2025-08-05 19:52:17 | تم إنهاء السكربت بنجاح
2025-08-05 19:52:36 | ------ طلب جديد ------
2025-08-05 19:52:36 | استقبال اسم ملف: عرض سعر - منزل فلان الفلاني - 7053.pdf
2025-08-05 19:52:36 | حجم البيانات المستقبلة: 4858333 بايت
2025-08-05 19:52:36 | تم حفظ الملف بنجاح في: /var/www/files/main/public/system/pdf/عرض سعر - منزل فلان الفلاني - 7053.pdf
2025-08-05 19:52:36 | رابط الملف: https://alfagolden.com/system/pdf/%D8%B9%D8%B1%D8%B6%20%D8%B3%D8%B9%D8%B1%20-%20%D9%85%D9%86%D8%B2%D9%84%20%D9%81%D9%84%D8%A7%D9%86%20%D8%A7%D9%84%D9%81%D9%84%D8%A7%D9%86%D9%8A%20-%207053.pdf
2025-08-05 19:52:36 | تم إنهاء السكربت بنجاح
2025-08-06 05:35:53 | ------ طلب جديد ------
2025-08-06 05:35:53 | استقبال اسم ملف: عرض سعر - منزل فلان الفلاني - 7053.pdf
2025-08-06 05:35:53 | حجم البيانات المستقبلة: 4858333 بايت
2025-08-06 05:35:53 | تم حفظ الملف بنجاح في: /var/www/files/main/public/system/pdf/عرض سعر - منزل فلان الفلاني - 7053.pdf
2025-08-06 05:35:53 | رابط الملف: https://alfagolden.com/system/pdf/%D8%B9%D8%B1%D8%B6%20%D8%B3%D8%B9%D8%B1%20-%20%D9%85%D9%86%D8%B2%D9%84%20%D9%81%D9%84%D8%A7%D9%86%20%D8%A7%D9%84%D9%81%D9%84%D8%A7%D9%86%D9%8A%20-%207053.pdf
2025-08-06 05:35:53 | تم إنهاء السكربت بنجاح
2025-08-06 05:37:26 | ------ طلب جديد ------
2025-08-06 05:37:26 | استقبال اسم ملف: عرض سعر - منزل فلان الفلاني - 7053.pdf
2025-08-06 05:37:26 | حجم البيانات المستقبلة: 4858333 بايت
2025-08-06 05:37:26 | تم حفظ الملف بنجاح في: /var/www/files/main/public/system/pdf/عرض سعر - منزل فلان الفلاني - 7053.pdf
2025-08-06 05:37:26 | رابط الملف: https://alfagolden.com/system/pdf/%D8%B9%D8%B1%D8%B6%20%D8%B3%D8%B9%D8%B1%20-%20%D9%85%D9%86%D8%B2%D9%84%20%D9%81%D9%84%D8%A7%D9%86%20%D8%A7%D9%84%D9%81%D9%84%D8%A7%D9%86%D9%8A%20-%207053.pdf
2025-08-06 05:37:26 | تم إنهاء السكربت بنجاح
2025-08-06 06:00:33 | ------ طلب جديد ------
2025-08-06 06:00:33 | استقبال اسم ملف: عرض سعر - منزل فلان الفلاني - 7053.pdf
2025-08-06 06:00:33 | حجم البيانات المستقبلة: 4858333 بايت
2025-08-06 06:00:33 | تم حفظ الملف بنجاح في: /var/www/files/main/public/system/pdf/عرض سعر - منزل فلان الفلاني - 7053.pdf
2025-08-06 06:00:33 | رابط الملف: https://alfagolden.com/system/pdf/%D8%B9%D8%B1%D8%B6%20%D8%B3%D8%B9%D8%B1%20-%20%D9%85%D9%86%D8%B2%D9%84%20%D9%81%D9%84%D8%A7%D9%86%20%D8%A7%D9%84%D9%81%D9%84%D8%A7%D9%86%D9%8A%20-%207053.pdf
2025-08-06 06:00:33 | تم إنهاء السكربت بنجاح
2025-08-06 06:02:35 | ------ طلب جديد ------
2025-08-06 06:02:35 | استقبال اسم ملف: عرض سعر - منزل محمد - 7033.pdf
2025-08-06 06:02:35 | حجم البيانات المستقبلة: 4815784 بايت
2025-08-06 06:02:35 | تم حفظ الملف بنجاح في: /var/www/files/main/public/system/pdf/عرض سعر - منزل محمد - 7033.pdf
2025-08-06 06:02:35 | رابط الملف: https://alfagolden.com/system/pdf/%D8%B9%D8%B1%D8%B6%20%D8%B3%D8%B9%D8%B1%20-%20%D9%85%D9%86%D8%B2%D9%84%20%D9%85%D8%AD%D9%85%D8%AF%20-%207033.pdf
2025-08-06 06:02:35 | تم إنهاء السكربت بنجاح
2025-08-06 06:17:06 | ------ طلب جديد ------
2025-08-06 06:17:06 | استقبال اسم ملف: عرض سعر - منزل احمد خليفة - 7050.pdf
2025-08-06 06:17:06 | حجم البيانات المستقبلة: 4852337 بايت
2025-08-06 06:17:06 | تم حفظ الملف بنجاح في: /var/www/files/main/public/system/pdf/عرض سعر - منزل احمد خليفة - 7050.pdf
2025-08-06 06:17:06 | رابط الملف: https://alfagolden.com/system/pdf/%D8%B9%D8%B1%D8%B6%20%D8%B3%D8%B9%D8%B1%20-%20%D9%85%D9%86%D8%B2%D9%84%20%D8%A7%D8%AD%D9%85%D8%AF%20%D8%AE%D9%84%D9%8A%D9%81%D8%A9%20-%207050.pdf
2025-08-06 06:17:06 | تم إنهاء السكربت بنجاح
2025-08-06 06:34:48 | ------ طلب جديد ------
2025-08-06 06:34:48 | استقبال اسم ملف: عرض سعر - منزل فلان الفلاني - 7053.pdf
2025-08-06 06:34:48 | حجم البيانات المستقبلة: 5213883 بايت
2025-08-06 06:34:48 | تم حفظ الملف بنجاح في: /var/www/files/main/public/system/pdf/عرض سعر - منزل فلان الفلاني - 7053.pdf
2025-08-06 06:34:48 | رابط الملف: https://alfagolden.com/system/pdf/%D8%B9%D8%B1%D8%B6%20%D8%B3%D8%B9%D8%B1%20-%20%D9%85%D9%86%D8%B2%D9%84%20%D9%81%D9%84%D8%A7%D9%86%20%D8%A7%D9%84%D9%81%D9%84%D8%A7%D9%86%D9%8A%20-%207053.pdf
2025-08-06 06:34:48 | تم إنهاء السكربت بنجاح
2025-08-06 06:40:51 | ------ طلب جديد ------
2025-08-06 06:40:51 | استقبال اسم ملف: عرض سعر - منزل احمد خليفة - 7050.pdf
2025-08-06 06:40:51 | حجم البيانات المستقبلة: 5207783 بايت
2025-08-06 06:40:51 | تم حفظ الملف بنجاح في: /var/www/files/main/public/system/pdf/عرض سعر - منزل احمد خليفة - 7050.pdf
2025-08-06 06:40:51 | رابط الملف: https://alfagolden.com/system/pdf/%D8%B9%D8%B1%D8%B6%20%D8%B3%D8%B9%D8%B1%20-%20%D9%85%D9%86%D8%B2%D9%84%20%D8%A7%D8%AD%D9%85%D8%AF%20%D8%AE%D9%84%D9%8A%D9%81%D8%A9%20-%207050.pdf
2025-08-06 06:40:51 | تم إنهاء السكربت بنجاح
2025-08-06 07:19:47 | ------ طلب جديد ------
2025-08-06 07:19:47 | استقبال اسم ملف: عرض سعر - منزل محمد - 7034.pdf
2025-08-06 07:19:47 | حجم البيانات المستقبلة: 4782577 بايت
2025-08-06 07:19:47 | تم حفظ الملف بنجاح في: /var/www/files/main/public/system/pdf/عرض سعر - منزل محمد - 7034.pdf
2025-08-06 07:19:47 | رابط الملف: https://alfagolden.com/system/pdf/%D8%B9%D8%B1%D8%B6%20%D8%B3%D8%B9%D8%B1%20-%20%D9%85%D9%86%D8%B2%D9%84%20%D9%85%D8%AD%D9%85%D8%AF%20-%207034.pdf
2025-08-06 07:19:47 | تم إنهاء السكربت بنجاح
2025-08-06 07:22:23 | ------ طلب جديد ------
2025-08-06 07:22:23 | استقبال اسم ملف: عرض سعر - منزل فلان الفلاني - 7053.pdf
2025-08-06 07:22:23 | حجم البيانات المستقبلة: 4896287 بايت
2025-08-06 07:22:23 | تم حفظ الملف بنجاح في: /var/www/files/main/public/system/pdf/عرض سعر - منزل فلان الفلاني - 7053.pdf
2025-08-06 07:22:23 | رابط الملف: https://alfagolden.com/system/pdf/%D8%B9%D8%B1%D8%B6%20%D8%B3%D8%B9%D8%B1%20-%20%D9%85%D9%86%D8%B2%D9%84%20%D9%81%D9%84%D8%A7%D9%86%20%D8%A7%D9%84%D9%81%D9%84%D8%A7%D9%86%D9%8A%20-%207053.pdf
2025-08-06 07:22:23 | تم إنهاء السكربت بنجاح
2025-08-06 07:44:43 | ------ طلب جديد ------
2025-08-06 07:44:43 | استقبال اسم ملف: عرض سعر - منزل محمد - 7033.pdf
2025-08-06 07:44:43 | حجم البيانات المستقبلة: 4742472 بايت
2025-08-06 07:44:43 | تم حفظ الملف بنجاح في: /var/www/files/main/public/system/pdf/عرض سعر - منزل محمد - 7033.pdf
2025-08-06 07:44:43 | رابط الملف: https://alfagolden.com/system/pdf/%D8%B9%D8%B1%D8%B6%20%D8%B3%D8%B9%D8%B1%20-%20%D9%85%D9%86%D8%B2%D9%84%20%D9%85%D8%AD%D9%85%D8%AF%20-%207033.pdf
2025-08-06 07:44:43 | تم إنهاء السكربت بنجاح
2025-08-06 08:01:49 | ------ طلب جديد ------
2025-08-06 08:01:49 | استقبال اسم ملف: عرض سعر - منزل احمد خليفة - 7050.pdf
2025-08-06 08:01:49 | حجم البيانات المستقبلة: 5290393 بايت
2025-08-06 08:01:49 | تم حفظ الملف بنجاح في: /var/www/files/main/public/system/pdf/عرض سعر - منزل احمد خليفة - 7050.pdf
2025-08-06 08:01:49 | رابط الملف: https://alfagolden.com/system/pdf/%D8%B9%D8%B1%D8%B6%20%D8%B3%D8%B9%D8%B1%20-%20%D9%85%D9%86%D8%B2%D9%84%20%D8%A7%D8%AD%D9%85%D8%AF%20%D8%AE%D9%84%D9%8A%D9%81%D8%A9%20-%207050.pdf
2025-08-06 08:01:49 | تم إنهاء السكربت بنجاح
2025-08-06 08:09:19 | ------ طلب جديد ------
2025-08-06 08:09:19 | استقبال اسم ملف: عرض سعر - منزل محمد - 7034.pdf
2025-08-06 08:09:19 | حجم البيانات المستقبلة: 5071351 بايت
2025-08-06 08:09:19 | تم حفظ الملف بنجاح في: /var/www/files/main/public/system/pdf/عرض سعر - منزل محمد - 7034.pdf
2025-08-06 08:09:19 | رابط الملف: https://alfagolden.com/system/pdf/%D8%B9%D8%B1%D8%B6%20%D8%B3%D8%B9%D8%B1%20-%20%D9%85%D9%86%D8%B2%D9%84%20%D9%85%D8%AD%D9%85%D8%AF%20-%207034.pdf
2025-08-06 08:09:19 | تم إنهاء السكربت بنجاح
2025-08-06 08:16:11 | ------ طلب جديد ------
2025-08-06 08:16:11 | استقبال اسم ملف: عرض سعر - منزل محمد - 7035.pdf
2025-08-06 08:16:11 | حجم البيانات المستقبلة: 4288434 بايت
2025-08-06 08:16:11 | تم حفظ الملف بنجاح في: /var/www/files/main/public/system/pdf/عرض سعر - منزل محمد - 7035.pdf
2025-08-06 08:16:11 | رابط الملف: https://alfagolden.com/system/pdf/%D8%B9%D8%B1%D8%B6%20%D8%B3%D8%B9%D8%B1%20-%20%D9%85%D9%86%D8%B2%D9%84%20%D9%85%D8%AD%D9%85%D8%AF%20-%207035.pdf
2025-08-06 08:16:11 | تم إنهاء السكربت بنجاح
2025-08-06 08:17:21 | ------ طلب جديد ------
2025-08-06 08:17:21 | استقبال اسم ملف: عرض سعر - منزل فلان الفلاني - 7053.pdf
2025-08-06 08:17:21 | حجم البيانات المستقبلة: 5196203 بايت
2025-08-06 08:17:21 | تم حفظ الملف بنجاح في: /var/www/files/main/public/system/pdf/عرض سعر - منزل فلان الفلاني - 7053.pdf
2025-08-06 08:17:21 | رابط الملف: https://alfagolden.com/system/pdf/%D8%B9%D8%B1%D8%B6%20%D8%B3%D8%B9%D8%B1%20-%20%D9%85%D9%86%D8%B2%D9%84%20%D9%81%D9%84%D8%A7%D9%86%20%D8%A7%D9%84%D9%81%D9%84%D8%A7%D9%86%D9%8A%20-%207053.pdf
2025-08-06 08:17:21 | تم إنهاء السكربت بنجاح
2025-08-06 08:20:30 | ------ طلب جديد ------
2025-08-06 08:20:30 | استقبال اسم ملف: عرض سعر - منزل احمد خليفة - 7050.pdf
2025-08-06 08:20:30 | حجم البيانات المستقبلة: 5191754 بايت
2025-08-06 08:20:30 | تم حفظ الملف بنجاح في: /var/www/files/main/public/system/pdf/عرض سعر - منزل احمد خليفة - 7050.pdf
2025-08-06 08:20:30 | رابط الملف: https://alfagolden.com/system/pdf/%D8%B9%D8%B1%D8%B6%20%D8%B3%D8%B9%D8%B1%20-%20%D9%85%D9%86%D8%B2%D9%84%20%D8%A7%D8%AD%D9%85%D8%AF%20%D8%AE%D9%84%D9%8A%D9%81%D8%A9%20-%207050.pdf
2025-08-06 08:20:30 | تم إنهاء السكربت بنجاح
2025-08-06 08:26:24 | ------ طلب جديد ------
2025-08-06 08:26:24 | استقبال اسم ملف: عرض سعر - منزل محمد - 7034.pdf
2025-08-06 08:26:24 | حجم البيانات المستقبلة: 5224558 بايت
2025-08-06 08:26:24 | تم حفظ الملف بنجاح في: /var/www/files/main/public/system/pdf/عرض سعر - منزل محمد - 7034.pdf
2025-08-06 08:26:24 | رابط الملف: https://alfagolden.com/system/pdf/%D8%B9%D8%B1%D8%B6%20%D8%B3%D8%B9%D8%B1%20-%20%D9%85%D9%86%D8%B2%D9%84%20%D9%85%D8%AD%D9%85%D8%AF%20-%207034.pdf
2025-08-06 08:26:24 | تم إنهاء السكربت بنجاح
2025-08-06 08:30:59 | ------ طلب جديد ------
2025-08-06 08:30:59 | استقبال اسم ملف: عرض سعر - منزل محمد - 7032.pdf
2025-08-06 08:30:59 | حجم البيانات المستقبلة: 3837567 بايت
2025-08-06 08:30:59 | تم حفظ الملف بنجاح في: /var/www/files/main/public/system/pdf/عرض سعر - منزل محمد - 7032.pdf
2025-08-06 08:30:59 | رابط الملف: https://alfagolden.com/system/pdf/%D8%B9%D8%B1%D8%B6%20%D8%B3%D8%B9%D8%B1%20-%20%D9%85%D9%86%D8%B2%D9%84%20%D9%85%D8%AD%D9%85%D8%AF%20-%207032.pdf
2025-08-06 08:30:59 | تم إنهاء السكربت بنجاح
2025-08-06 08:33:52 | ------ طلب جديد ------
2025-08-06 08:33:52 | استقبال اسم ملف: عرض سعر - منزل محمد - 7031.pdf
2025-08-06 08:33:53 | حجم البيانات المستقبلة: 4078982 بايت
2025-08-06 08:33:53 | تم حفظ الملف بنجاح في: /var/www/files/main/public/system/pdf/عرض سعر - منزل محمد - 7031.pdf
2025-08-06 08:33:53 | رابط الملف: https://alfagolden.com/system/pdf/%D8%B9%D8%B1%D8%B6%20%D8%B3%D8%B9%D8%B1%20-%20%D9%85%D9%86%D8%B2%D9%84%20%D9%85%D8%AD%D9%85%D8%AF%20-%207031.pdf
2025-08-06 08:33:53 | تم إنهاء السكربت بنجاح
2025-08-06 08:34:31 | ------ طلب جديد ------
2025-08-06 08:34:31 | استقبال اسم ملف: عرض سعر - منزل فلان الفلاني - 7053.pdf
2025-08-06 08:34:31 | حجم البيانات المستقبلة: 3923044 بايت
2025-08-06 08:34:31 | تم حفظ الملف بنجاح في: /var/www/files/main/public/system/pdf/عرض سعر - منزل فلان الفلاني - 7053.pdf
2025-08-06 08:34:31 | رابط الملف: https://alfagolden.com/system/pdf/%D8%B9%D8%B1%D8%B6%20%D8%B3%D8%B9%D8%B1%20-%20%D9%85%D9%86%D8%B2%D9%84%20%D9%81%D9%84%D8%A7%D9%86%20%D8%A7%D9%84%D9%81%D9%84%D8%A7%D9%86%D9%8A%20-%207053.pdf
2025-08-06 08:34:31 | تم إنهاء السكربت بنجاح
2025-08-06 08:37:45 | ------ طلب جديد ------
2025-08-06 08:37:45 | استقبال اسم ملف: عرض سعر - منزل فلان الفلاني - 7053.pdf
2025-08-06 08:37:45 | حجم البيانات المستقبلة: 4675456 بايت
2025-08-06 08:37:45 | تم حفظ الملف بنجاح في: /var/www/files/main/public/system/pdf/عرض سعر - منزل فلان الفلاني - 7053.pdf
2025-08-06 08:37:45 | رابط الملف: https://alfagolden.com/system/pdf/%D8%B9%D8%B1%D8%B6%20%D8%B3%D8%B9%D8%B1%20-%20%D9%85%D9%86%D8%B2%D9%84%20%D9%81%D9%84%D8%A7%D9%86%20%D8%A7%D9%84%D9%81%D9%84%D8%A7%D9%86%D9%8A%20-%207053.pdf
2025-08-06 08:37:45 | تم إنهاء السكربت بنجاح
2025-08-06 09:22:02 | ------ طلب جديد ------
2025-08-06 09:22:02 | استقبال اسم ملف: عرض سعر - منزل فلان الفلاني - 7053.pdf
2025-08-06 09:22:02 | حجم البيانات المستقبلة: 4747425 بايت
2025-08-06 09:22:02 | تم حفظ الملف بنجاح في: /var/www/files/main/public/system/pdf/عرض سعر - منزل فلان الفلاني - 7053.pdf
2025-08-06 09:22:02 | رابط الملف: https://alfagolden.com/system/pdf/%D8%B9%D8%B1%D8%B6%20%D8%B3%D8%B9%D8%B1%20-%20%D9%85%D9%86%D8%B2%D9%84%20%D9%81%D9%84%D8%A7%D9%86%20%D8%A7%D9%84%D9%81%D9%84%D8%A7%D9%86%D9%8A%20-%207053.pdf
2025-08-06 09:22:02 | تم إنهاء السكربت بنجاح
2025-08-06 09:22:48 | ------ طلب جديد ------
2025-08-06 09:22:48 | استقبال اسم ملف: عرض سعر - منزل محمد - 7033.pdf
2025-08-06 09:22:48 | حجم البيانات المستقبلة: 4707217 بايت
2025-08-06 09:22:48 | تم حفظ الملف بنجاح في: /var/www/files/main/public/system/pdf/عرض سعر - منزل محمد - 7033.pdf
2025-08-06 09:22:48 | رابط الملف: https://alfagolden.com/system/pdf/%D8%B9%D8%B1%D8%B6%20%D8%B3%D8%B9%D8%B1%20-%20%D9%85%D9%86%D8%B2%D9%84%20%D9%85%D8%AD%D9%85%D8%AF%20-%207033.pdf
2025-08-06 09:22:48 | تم إنهاء السكربت بنجاح
2025-08-06 09:25:45 | ------ طلب جديد ------
2025-08-06 09:25:45 | استقبال اسم ملف: عرض سعر - منزل محمد - 7038.pdf
2025-08-06 09:25:45 | حجم البيانات المستقبلة: 4730013 بايت
2025-08-06 09:25:45 | تم حفظ الملف بنجاح في: /var/www/files/main/public/system/pdf/عرض سعر - منزل محمد - 7038.pdf
2025-08-06 09:25:45 | رابط الملف: https://alfagolden.com/system/pdf/%D8%B9%D8%B1%D8%B6%20%D8%B3%D8%B9%D8%B1%20-%20%D9%85%D9%86%D8%B2%D9%84%20%D9%85%D8%AD%D9%85%D8%AF%20-%207038.pdf
2025-08-06 09:25:45 | تم إنهاء السكربت بنجاح
2025-08-06 09:26:21 | ------ طلب جديد ------
2025-08-06 09:26:21 | استقبال اسم ملف: عرض سعر - منزل فلان الفلاني - 7053.pdf
2025-08-06 09:26:21 | حجم البيانات المستقبلة: 4747425 بايت
2025-08-06 09:26:21 | تم حفظ الملف بنجاح في: /var/www/files/main/public/system/pdf/عرض سعر - منزل فلان الفلاني - 7053.pdf
2025-08-06 09:26:21 | رابط الملف: https://alfagolden.com/system/pdf/%D8%B9%D8%B1%D8%B6%20%D8%B3%D8%B9%D8%B1%20-%20%D9%85%D9%86%D8%B2%D9%84%20%D9%81%D9%84%D8%A7%D9%86%20%D8%A7%D9%84%D9%81%D9%84%D8%A7%D9%86%D9%8A%20-%207053.pdf
2025-08-06 09:26:21 | تم إنهاء السكربت بنجاح
2025-08-10 07:49:59 | ------ طلب جديد ------
2025-08-10 07:49:59 | استقبال اسم ملف: عرض سعر - منزل فلان الفلاني - 7053.pdf
2025-08-10 07:49:59 | حجم البيانات المستقبلة: 4747425 بايت
2025-08-10 07:49:59 | تم حفظ الملف بنجاح في: /var/www/files/main/public/system/pdf/عرض سعر - منزل فلان الفلاني - 7053.pdf
2025-08-10 07:49:59 | رابط الملف: https://alfagolden.com/system/pdf/%D8%B9%D8%B1%D8%B6%20%D8%B3%D8%B9%D8%B1%20-%20%D9%85%D9%86%D8%B2%D9%84%20%D9%81%D9%84%D8%A7%D9%86%20%D8%A7%D9%84%D9%81%D9%84%D8%A7%D9%86%D9%8A%20-%207053.pdf
2025-08-10 07:49:59 | تم إنهاء السكربت بنجاح
2025-08-10 11:41:58 | ------ طلب جديد ------
2025-08-10 11:41:58 | استقبال اسم ملف: عرض سعر - منزل فلان الفلاني - 7053.pdf
2025-08-10 11:41:58 | حجم البيانات المستقبلة: 4747425 بايت
2025-08-10 11:41:58 | تم حفظ الملف بنجاح في: /var/www/files/main/public/system/pdf/عرض سعر - منزل فلان الفلاني - 7053.pdf
2025-08-10 11:41:58 | رابط الملف: https://alfagolden.com/system/pdf/%D8%B9%D8%B1%D8%B6%20%D8%B3%D8%B9%D8%B1%20-%20%D9%85%D9%86%D8%B2%D9%84%20%D9%81%D9%84%D8%A7%D9%86%20%D8%A7%D9%84%D9%81%D9%84%D8%A7%D9%86%D9%8A%20-%207053.pdf
2025-08-10 11:41:58 | تم إنهاء السكربت بنجاح
2025-08-10 11:42:33 | ------ طلب جديد ------
2025-08-10 11:42:33 | استقبال اسم ملف: عرض سعر - منزل فلان الفلاني - 7053.pdf
2025-08-10 11:42:33 | حجم البيانات المستقبلة: 4747425 بايت
2025-08-10 11:42:33 | تم حفظ الملف بنجاح في: /var/www/files/main/public/system/pdf/عرض سعر - منزل فلان الفلاني - 7053.pdf
2025-08-10 11:42:33 | رابط الملف: https://alfagolden.com/system/pdf/%D8%B9%D8%B1%D8%B6%20%D8%B3%D8%B9%D8%B1%20-%20%D9%85%D9%86%D8%B2%D9%84%20%D9%81%D9%84%D8%A7%D9%86%20%D8%A7%D9%84%D9%81%D9%84%D8%A7%D9%86%D9%8A%20-%207053.pdf
2025-08-10 11:42:33 | تم إنهاء السكربت بنجاح
2025-08-10 11:43:19 | ------ طلب جديد ------
2025-08-10 11:43:19 | استقبال اسم ملف: عقد اتفاق - منزل فلان الفلاني - 7053.pdf
2025-08-10 11:43:19 | حجم البيانات المستقبلة: 7960 بايت
2025-08-10 11:43:19 | تم حفظ الملف بنجاح في: /var/www/files/main/public/system/pdf/عقد اتفاق - منزل فلان الفلاني - 7053.pdf
2025-08-10 11:43:19 | رابط الملف: https://alfagolden.com/system/pdf/%D8%B9%D9%82%D8%AF%20%D8%A7%D8%AA%D9%81%D8%A7%D9%82%20-%20%D9%85%D9%86%D8%B2%D9%84%20%D9%81%D9%84%D8%A7%D9%86%20%D8%A7%D9%84%D9%81%D9%84%D8%A7%D9%86%D9%8A%20-%207053.pdf
2025-08-10 11:43:19 | تم إنهاء السكربت بنجاح
2025-08-10 11:43:24 | ------ طلب جديد ------
2025-08-10 11:43:24 | استقبال اسم ملف: عقد اتفاق - منزل فلان الفلاني - 7053.pdf
2025-08-10 11:43:24 | حجم البيانات المستقبلة: 7960 بايت
2025-08-10 11:43:24 | تم حفظ الملف بنجاح في: /var/www/files/main/public/system/pdf/عقد اتفاق - منزل فلان الفلاني - 7053.pdf
2025-08-10 11:43:24 | رابط الملف: https://alfagolden.com/system/pdf/%D8%B9%D9%82%D8%AF%20%D8%A7%D8%AA%D9%81%D8%A7%D9%82%20-%20%D9%85%D9%86%D8%B2%D9%84%20%D9%81%D9%84%D8%A7%D9%86%20%D8%A7%D9%84%D9%81%D9%84%D8%A7%D9%86%D9%8A%20-%207053.pdf
2025-08-10 11:43:24 | تم إنهاء السكربت بنجاح
2025-08-10 11:44:29 | ------ طلب جديد ------
2025-08-10 11:44:29 | استقبال اسم ملف: عقد اتفاق - منزل فلان الفلاني - 7053.pdf
2025-08-10 11:44:29 | حجم البيانات المستقبلة: 7960 بايت
2025-08-10 11:44:29 | تم حفظ الملف بنجاح في: /var/www/files/main/public/system/pdf/عقد اتفاق - منزل فلان الفلاني - 7053.pdf
2025-08-10 11:44:29 | رابط الملف: https://alfagolden.com/system/pdf/%D8%B9%D9%82%D8%AF%20%D8%A7%D8%AA%D9%81%D8%A7%D9%82%20-%20%D9%85%D9%86%D8%B2%D9%84%20%D9%81%D9%84%D8%A7%D9%86%20%D8%A7%D9%84%D9%81%D9%84%D8%A7%D9%86%D9%8A%20-%207053.pdf
2025-08-10 11:44:29 | تم إنهاء السكربت بنجاح
2025-08-10 11:45:06 | ------ طلب جديد ------
2025-08-10 11:45:06 | استقبال اسم ملف: عقد اتفاق - منزل فلان الفلاني - 7053.pdf
2025-08-10 11:45:06 | حجم البيانات المستقبلة: 7960 بايت
2025-08-10 11:45:06 | تم حفظ الملف بنجاح في: /var/www/files/main/public/system/pdf/عقد اتفاق - منزل فلان الفلاني - 7053.pdf
2025-08-10 11:45:06 | رابط الملف: https://alfagolden.com/system/pdf/%D8%B9%D9%82%D8%AF%20%D8%A7%D8%AA%D9%81%D8%A7%D9%82%20-%20%D9%85%D9%86%D8%B2%D9%84%20%D9%81%D9%84%D8%A7%D9%86%20%D8%A7%D9%84%D9%81%D9%84%D8%A7%D9%86%D9%8A%20-%207053.pdf
2025-08-10 11:45:06 | تم إنهاء السكربت بنجاح
2025-08-10 11:45:52 | ------ طلب جديد ------
2025-08-10 11:45:52 | استقبال اسم ملف: عقد اتفاق - منزل فلان الفلاني - 7053.pdf
2025-08-10 11:45:52 | حجم البيانات المستقبلة: 54862 بايت
2025-08-10 11:45:52 | تم حفظ الملف بنجاح في: /var/www/files/main/public/system/pdf/عقد اتفاق - منزل فلان الفلاني - 7053.pdf
2025-08-10 11:45:52 | رابط الملف: https://alfagolden.com/system/pdf/%D8%B9%D9%82%D8%AF%20%D8%A7%D8%AA%D9%81%D8%A7%D9%82%20-%20%D9%85%D9%86%D8%B2%D9%84%20%D9%81%D9%84%D8%A7%D9%86%20%D8%A7%D9%84%D9%81%D9%84%D8%A7%D9%86%D9%8A%20-%207053.pdf
2025-08-10 11:45:52 | تم إنهاء السكربت بنجاح
2025-08-10 11:46:47 | ------ طلب جديد ------
2025-08-10 11:46:47 | استقبال اسم ملف: عقد اتفاق - منزل فلان الفلاني - 7053.pdf
2025-08-10 11:46:47 | حجم البيانات المستقبلة: 2773452 بايت
2025-08-10 11:46:47 | تم حفظ الملف بنجاح في: /var/www/files/main/public/system/pdf/عقد اتفاق - منزل فلان الفلاني - 7053.pdf
2025-08-10 11:46:47 | رابط الملف: https://alfagolden.com/system/pdf/%D8%B9%D9%82%D8%AF%20%D8%A7%D8%AA%D9%81%D8%A7%D9%82%20-%20%D9%85%D9%86%D8%B2%D9%84%20%D9%81%D9%84%D8%A7%D9%86%20%D8%A7%D9%84%D9%81%D9%84%D8%A7%D9%86%D9%8A%20-%207053.pdf
2025-08-10 11:46:47 | تم إنهاء السكربت بنجاح
2025-08-10 12:30:42 | ------ طلب جديد ------
2025-08-10 12:30:42 | استقبال اسم ملف: عرض سعر - منزل فلان الفلاني - 7053.pdf
2025-08-10 12:30:42 | حجم البيانات المستقبلة: 4747425 بايت
2025-08-10 12:30:42 | تم حفظ الملف بنجاح في: /var/www/files/main/public/system/pdf/عرض سعر - منزل فلان الفلاني - 7053.pdf
2025-08-10 12:30:42 | رابط الملف: https://alfagolden.com/system/pdf/%D8%B9%D8%B1%D8%B6%20%D8%B3%D8%B9%D8%B1%20-%20%D9%85%D9%86%D8%B2%D9%84%20%D9%81%D9%84%D8%A7%D9%86%20%D8%A7%D9%84%D9%81%D9%84%D8%A7%D9%86%D9%8A%20-%207053.pdf
2025-08-10 12:30:42 | تم إنهاء السكربت بنجاح
2025-08-10 12:30:53 | ------ طلب جديد ------
2025-08-10 12:30:53 | استقبال اسم ملف: عقد اتفاق - منزل فلان الفلاني - C7053.pdf
2025-08-10 12:30:53 | حجم البيانات المستقبلة: 2806707 بايت
2025-08-10 12:30:53 | تم حفظ الملف بنجاح في: /var/www/files/main/public/system/pdf/عقد اتفاق - منزل فلان الفلاني - C7053.pdf
2025-08-10 12:30:53 | رابط الملف: https://alfagolden.com/system/pdf/%D8%B9%D9%82%D8%AF%20%D8%A7%D8%AA%D9%81%D8%A7%D9%82%20-%20%D9%85%D9%86%D8%B2%D9%84%20%D9%81%D9%84%D8%A7%D9%86%20%D8%A7%D9%84%D9%81%D9%84%D8%A7%D9%86%D9%8A%20-%20C7053.pdf
2025-08-10 12:30:53 | تم إنهاء السكربت بنجاح
2025-08-10 12:31:16 | ------ طلب جديد ------
2025-08-10 12:31:16 | استقبال اسم ملف: عقد اتفاق - منزل فلان الفلاني - C7053.pdf
2025-08-10 12:31:16 | حجم البيانات المستقبلة: 2806707 بايت
2025-08-10 12:31:16 | تم حفظ الملف بنجاح في: /var/www/files/main/public/system/pdf/عقد اتفاق - منزل فلان الفلاني - C7053.pdf
2025-08-10 12:31:16 | رابط الملف: https://alfagolden.com/system/pdf/%D8%B9%D9%82%D8%AF%20%D8%A7%D8%AA%D9%81%D8%A7%D9%82%20-%20%D9%85%D9%86%D8%B2%D9%84%20%D9%81%D9%84%D8%A7%D9%86%20%D8%A7%D9%84%D9%81%D9%84%D8%A7%D9%86%D9%8A%20-%20C7053.pdf
2025-08-10 12:31:16 | تم إنهاء السكربت بنجاح
2025-08-10 12:31:16 | ------ طلب جديد ------
2025-08-10 12:31:16 | استقبال اسم ملف: عقد اتفاق - منزل فلان الفلاني - C7053.pdf
2025-08-10 12:31:16 | حجم البيانات المستقبلة: 2806707 بايت
2025-08-10 12:31:16 | تم حفظ الملف بنجاح في: /var/www/files/main/public/system/pdf/عقد اتفاق - منزل فلان الفلاني - C7053.pdf
2025-08-10 12:31:16 | رابط الملف: https://alfagolden.com/system/pdf/%D8%B9%D9%82%D8%AF%20%D8%A7%D8%AA%D9%81%D8%A7%D9%82%20-%20%D9%85%D9%86%D8%B2%D9%84%20%D9%81%D9%84%D8%A7%D9%86%20%D8%A7%D9%84%D9%81%D9%84%D8%A7%D9%86%D9%8A%20-%20C7053.pdf
2025-08-10 12:31:16 | تم إنهاء السكربت بنجاح
2025-08-10 12:32:22 | ------ طلب جديد ------
2025-08-10 12:32:22 | استقبال اسم ملف: عقد اتفاق - منزل فلان الفلاني - C7053.pdf
2025-08-10 12:32:22 | حجم البيانات المستقبلة: 2806707 بايت
2025-08-10 12:32:22 | تم حفظ الملف بنجاح في: /var/www/files/main/public/system/pdf/عقد اتفاق - منزل فلان الفلاني - C7053.pdf
2025-08-10 12:32:22 | رابط الملف: https://alfagolden.com/system/pdf/%D8%B9%D9%82%D8%AF%20%D8%A7%D8%AA%D9%81%D8%A7%D9%82%20-%20%D9%85%D9%86%D8%B2%D9%84%20%D9%81%D9%84%D8%A7%D9%86%20%D8%A7%D9%84%D9%81%D9%84%D8%A7%D9%86%D9%8A%20-%20C7053.pdf
2025-08-10 12:32:22 | تم إنهاء السكربت بنجاح
2025-08-10 12:32:46 | ------ طلب جديد ------
2025-08-10 12:32:46 | استقبال اسم ملف: عقد اتفاق - منزل فلان الفلاني - C7053.pdf
2025-08-10 12:32:46 | حجم البيانات المستقبلة: 2806707 بايت
2025-08-10 12:32:46 | تم حفظ الملف بنجاح في: /var/www/files/main/public/system/pdf/عقد اتفاق - منزل فلان الفلاني - C7053.pdf
2025-08-10 12:32:46 | رابط الملف: https://alfagolden.com/system/pdf/%D8%B9%D9%82%D8%AF%20%D8%A7%D8%AA%D9%81%D8%A7%D9%82%20-%20%D9%85%D9%86%D8%B2%D9%84%20%D9%81%D9%84%D8%A7%D9%86%20%D8%A7%D9%84%D9%81%D9%84%D8%A7%D9%86%D9%8A%20-%20C7053.pdf
2025-08-10 12:32:46 | تم إنهاء السكربت بنجاح
2025-08-10 12:39:20 | ------ طلب جديد ------
2025-08-10 12:39:20 | استقبال اسم ملف: عقد اتفاق - منزل فلان الفلاني - C7053.pdf
2025-08-10 12:39:20 | حجم البيانات المستقبلة: 2887395 بايت
2025-08-10 12:39:20 | تم حفظ الملف بنجاح في: /var/www/files/main/public/system/pdf/عقد اتفاق - منزل فلان الفلاني - C7053.pdf
2025-08-10 12:39:20 | رابط الملف: https://alfagolden.com/system/pdf/%D8%B9%D9%82%D8%AF%20%D8%A7%D8%AA%D9%81%D8%A7%D9%82%20-%20%D9%85%D9%86%D8%B2%D9%84%20%D9%81%D9%84%D8%A7%D9%86%20%D8%A7%D9%84%D9%81%D9%84%D8%A7%D9%86%D9%8A%20-%20C7053.pdf
2025-08-10 12:39:20 | تم إنهاء السكربت بنجاح
2025-08-10 12:44:22 | ------ طلب جديد ------
2025-08-10 12:44:22 | استقبال اسم ملف: عقد اتفاق - منزل فلان الفلاني - C7053.pdf
2025-08-10 12:44:22 | حجم البيانات المستقبلة: 2878888 بايت
2025-08-10 12:44:22 | تم حفظ الملف بنجاح في: /var/www/files/main/public/system/pdf/عقد اتفاق - منزل فلان الفلاني - C7053.pdf
2025-08-10 12:44:22 | رابط الملف: https://alfagolden.com/system/pdf/%D8%B9%D9%82%D8%AF%20%D8%A7%D8%AA%D9%81%D8%A7%D9%82%20-%20%D9%85%D9%86%D8%B2%D9%84%20%D9%81%D9%84%D8%A7%D9%86%20%D8%A7%D9%84%D9%81%D9%84%D8%A7%D9%86%D9%8A%20-%20C7053.pdf
2025-08-10 12:44:22 | تم إنهاء السكربت بنجاح
2025-08-10 12:45:18 | ------ طلب جديد ------
2025-08-10 12:45:18 | استقبال اسم ملف: عقد اتفاق - منزل فلان الفلاني - C7053.pdf
2025-08-10 12:45:18 | حجم البيانات المستقبلة: 2878888 بايت
2025-08-10 12:45:18 | تم حفظ الملف بنجاح في: /var/www/files/main/public/system/pdf/عقد اتفاق - منزل فلان الفلاني - C7053.pdf
2025-08-10 12:45:18 | رابط الملف: https://alfagolden.com/system/pdf/%D8%B9%D9%82%D8%AF%20%D8%A7%D8%AA%D9%81%D8%A7%D9%82%20-%20%D9%85%D9%86%D8%B2%D9%84%20%D9%81%D9%84%D8%A7%D9%86%20%D8%A7%D9%84%D9%81%D9%84%D8%A7%D9%86%D9%8A%20-%20C7053.pdf
2025-08-10 12:45:18 | تم إنهاء السكربت بنجاح
2025-08-10 12:53:09 | ------ طلب جديد ------
2025-08-10 12:53:09 | استقبال اسم ملف: عقد اتفاق - منزل فلان الفلاني - C7053.pdf
2025-08-10 12:53:09 | حجم البيانات المستقبلة: 2943015 بايت
2025-08-10 12:53:09 | تم حفظ الملف بنجاح في: /var/www/files/main/public/system/pdf/عقد اتفاق - منزل فلان الفلاني - C7053.pdf
2025-08-10 12:53:09 | رابط الملف: https://alfagolden.com/system/pdf/%D8%B9%D9%82%D8%AF%20%D8%A7%D8%AA%D9%81%D8%A7%D9%82%20-%20%D9%85%D9%86%D8%B2%D9%84%20%D9%81%D9%84%D8%A7%D9%86%20%D8%A7%D9%84%D9%81%D9%84%D8%A7%D9%86%D9%8A%20-%20C7053.pdf
2025-08-10 12:53:09 | تم إنهاء السكربت بنجاح
2025-08-10 12:53:29 | ------ طلب جديد ------
2025-08-10 12:53:29 | استقبال اسم ملف: عقد اتفاق - منزل فلان الفلاني - C7053.pdf
2025-08-10 12:53:29 | حجم البيانات المستقبلة: 2943015 بايت
2025-08-10 12:53:29 | تم حفظ الملف بنجاح في: /var/www/files/main/public/system/pdf/عقد اتفاق - منزل فلان الفلاني - C7053.pdf
2025-08-10 12:53:29 | رابط الملف: https://alfagolden.com/system/pdf/%D8%B9%D9%82%D8%AF%20%D8%A7%D8%AA%D9%81%D8%A7%D9%82%20-%20%D9%85%D9%86%D8%B2%D9%84%20%D9%81%D9%84%D8%A7%D9%86%20%D8%A7%D9%84%D9%81%D9%84%D8%A7%D9%86%D9%8A%20-%20C7053.pdf
2025-08-10 12:53:29 | تم إنهاء السكربت بنجاح
2025-08-10 13:00:44 | ------ طلب جديد ------
2025-08-10 13:00:44 | استقبال اسم ملف: عقد اتفاق - منزل فلان الفلاني - C7053.pdf
2025-08-10 13:00:44 | حجم البيانات المستقبلة: 2854052 بايت
2025-08-10 13:00:44 | تم حفظ الملف بنجاح في: /var/www/files/main/public/system/pdf/عقد اتفاق - منزل فلان الفلاني - C7053.pdf
2025-08-10 13:00:44 | رابط الملف: https://alfagolden.com/system/pdf/%D8%B9%D9%82%D8%AF%20%D8%A7%D8%AA%D9%81%D8%A7%D9%82%20-%20%D9%85%D9%86%D8%B2%D9%84%20%D9%81%D9%84%D8%A7%D9%86%20%D8%A7%D9%84%D9%81%D9%84%D8%A7%D9%86%D9%8A%20-%20C7053.pdf
2025-08-10 13:00:44 | تم إنهاء السكربت بنجاح
2025-08-10 13:20:04 | ------ طلب جديد ------
2025-08-10 13:20:04 | استقبال اسم ملف: عقد اتفاق - منزل احمد خليفة - C7049.pdf
2025-08-10 13:20:04 | حجم البيانات المستقبلة: 2991213 بايت
2025-08-10 13:20:04 | تم حفظ الملف بنجاح في: /var/www/files/main/public/system/pdf/عقد اتفاق - منزل احمد خليفة - C7049.pdf
2025-08-10 13:20:04 | رابط الملف: https://alfagolden.com/system/pdf/%D8%B9%D9%82%D8%AF%20%D8%A7%D8%AA%D9%81%D8%A7%D9%82%20-%20%D9%85%D9%86%D8%B2%D9%84%20%D8%A7%D8%AD%D9%85%D8%AF%20%D8%AE%D9%84%D9%8A%D9%81%D8%A9%20-%20C7049.pdf
2025-08-10 13:20:04 | تم إنهاء السكربت بنجاح
2025-08-10 13:25:19 | ------ طلب جديد ------
2025-08-10 13:25:19 | استقبال اسم ملف: عرض سعر - منزل ريان الجهني - 7056.pdf
2025-08-10 13:25:19 | حجم البيانات المستقبلة: 4694969 بايت
2025-08-10 13:25:19 | تم حفظ الملف بنجاح في: /var/www/files/main/public/system/pdf/عرض سعر - منزل ريان الجهني - 7056.pdf
2025-08-10 13:25:19 | رابط الملف: https://alfagolden.com/system/pdf/%D8%B9%D8%B1%D8%B6%20%D8%B3%D8%B9%D8%B1%20-%20%D9%85%D9%86%D8%B2%D9%84%20%D8%B1%D9%8A%D8%A7%D9%86%20%D8%A7%D9%84%D8%AC%D9%87%D9%86%D9%8A%20-%207056.pdf
2025-08-10 13:25:19 | تم إنهاء السكربت بنجاح
2025-08-10 13:31:07 | ------ طلب جديد ------
2025-08-10 13:31:07 | استقبال اسم ملف: عقد اتفاق - منزل ريان الجهني - C7056.pdf
2025-08-10 13:31:07 | حجم البيانات المستقبلة: 2973813 بايت
2025-08-10 13:31:07 | تم حفظ الملف بنجاح في: /var/www/files/main/public/system/pdf/عقد اتفاق - منزل ريان الجهني - C7056.pdf
2025-08-10 13:31:07 | رابط الملف: https://alfagolden.com/system/pdf/%D8%B9%D9%82%D8%AF%20%D8%A7%D8%AA%D9%81%D8%A7%D9%82%20-%20%D9%85%D9%86%D8%B2%D9%84%20%D8%B1%D9%8A%D8%A7%D9%86%20%D8%A7%D9%84%D8%AC%D9%87%D9%86%D9%8A%20-%20C7056.pdf
2025-08-10 13:31:07 | تم إنهاء السكربت بنجاح
2025-08-10 13:56:58 | ------ طلب جديد ------
2025-08-10 13:56:58 | استقبال اسم ملف: عرض سعر - منزل محمد الجهنى - 7057.pdf
2025-08-10 13:56:58 | حجم البيانات المستقبلة: 4688602 بايت
2025-08-10 13:56:58 | تم حفظ الملف بنجاح في: /var/www/files/main/public/system/pdf/عرض سعر - منزل محمد الجهنى - 7057.pdf
2025-08-10 13:56:58 | رابط الملف: https://alfagolden.com/system/pdf/%D8%B9%D8%B1%D8%B6%20%D8%B3%D8%B9%D8%B1%20-%20%D9%85%D9%86%D8%B2%D9%84%20%D9%85%D8%AD%D9%85%D8%AF%20%D8%A7%D9%84%D8%AC%D9%87%D9%86%D9%89%20-%207057.pdf
2025-08-10 13:56:58 | تم إنهاء السكربت بنجاح
2025-08-10 14:00:11 | ------ طلب جديد ------
2025-08-10 14:00:11 | استقبال اسم ملف: عقد اتفاق - منزل محمد الجهنى - C7057.pdf
2025-08-10 14:00:11 | حجم البيانات المستقبلة: 2970011 بايت
2025-08-10 14:00:11 | تم حفظ الملف بنجاح في: /var/www/files/main/public/system/pdf/عقد اتفاق - منزل محمد الجهنى - C7057.pdf
2025-08-10 14:00:11 | رابط الملف: https://alfagolden.com/system/pdf/%D8%B9%D9%82%D8%AF%20%D8%A7%D8%AA%D9%81%D8%A7%D9%82%20-%20%D9%85%D9%86%D8%B2%D9%84%20%D9%85%D8%AD%D9%85%D8%AF%20%D8%A7%D9%84%D8%AC%D9%87%D9%86%D9%89%20-%20C7057.pdf
2025-08-10 14:00:11 | تم إنهاء السكربت بنجاح
2025-08-11 07:37:55 | ------ طلب جديد ------
2025-08-11 07:37:55 | استقبال اسم ملف: عرض سعر - منزل فلان الفلاني - 7053.pdf
2025-08-11 07:37:55 | حجم البيانات المستقبلة: 4747425 بايت
2025-08-11 07:37:55 | تم حفظ الملف بنجاح في: /var/www/files/main/public/system/pdf/عرض سعر - منزل فلان الفلاني - 7053.pdf
2025-08-11 07:37:55 | رابط الملف: https://alfagolden.com/system/pdf/%D8%B9%D8%B1%D8%B6%20%D8%B3%D8%B9%D8%B1%20-%20%D9%85%D9%86%D8%B2%D9%84%20%D9%81%D9%84%D8%A7%D9%86%20%D8%A7%D9%84%D9%81%D9%84%D8%A7%D9%86%D9%8A%20-%207053.pdf
2025-08-11 07:37:55 | تم إنهاء السكربت بنجاح
2025-08-11 09:56:35 | ------ طلب جديد ------
2025-08-11 09:56:35 | استقبال اسم ملف: عقد اتفاق - منزل فلان الفلاني - C7053.pdf
2025-08-11 09:56:35 | حجم البيانات المستقبلة: 822762 بايت
2025-08-11 09:56:35 | تم حفظ الملف بنجاح في: /var/www/files/main/public/system/pdf/عقد اتفاق - منزل فلان الفلاني - C7053.pdf
2025-08-11 09:56:35 | رابط الملف: https://alfagolden.com/system/pdf/%D8%B9%D9%82%D8%AF%20%D8%A7%D8%AA%D9%81%D8%A7%D9%82%20-%20%D9%85%D9%86%D8%B2%D9%84%20%D9%81%D9%84%D8%A7%D9%86%20%D8%A7%D9%84%D9%81%D9%84%D8%A7%D9%86%D9%8A%20-%20C7053.pdf
2025-08-11 09:56:35 | تم إنهاء السكربت بنجاح
2025-08-11 09:57:39 | ------ طلب جديد ------
2025-08-11 09:57:39 | استقبال اسم ملف: عقد اتفاق - منزل فلان الفلاني - C7053.pdf
2025-08-11 09:57:39 | حجم البيانات المستقبلة: 822767 بايت
2025-08-11 09:57:39 | تم حفظ الملف بنجاح في: /var/www/files/main/public/system/pdf/عقد اتفاق - منزل فلان الفلاني - C7053.pdf
2025-08-11 09:57:39 | رابط الملف: https://alfagolden.com/system/pdf/%D8%B9%D9%82%D8%AF%20%D8%A7%D8%AA%D9%81%D8%A7%D9%82%20-%20%D9%85%D9%86%D8%B2%D9%84%20%D9%81%D9%84%D8%A7%D9%86%20%D8%A7%D9%84%D9%81%D9%84%D8%A7%D9%86%D9%8A%20-%20C7053.pdf
2025-08-11 09:57:39 | تم إنهاء السكربت بنجاح
2025-08-11 10:03:49 | ------ طلب جديد ------
2025-08-11 10:03:49 | استقبال اسم ملف: عقد اتفاق - منزل فلان الفلاني - C7053.pdf
2025-08-11 10:03:49 | حجم البيانات المستقبلة: 799462 بايت
2025-08-11 10:03:49 | تم حفظ الملف بنجاح في: /var/www/files/main/public/system/pdf/عقد اتفاق - منزل فلان الفلاني - C7053.pdf
2025-08-11 10:03:49 | رابط الملف: https://alfagolden.com/system/pdf/%D8%B9%D9%82%D8%AF%20%D8%A7%D8%AA%D9%81%D8%A7%D9%82%20-%20%D9%85%D9%86%D8%B2%D9%84%20%D9%81%D9%84%D8%A7%D9%86%20%D8%A7%D9%84%D9%81%D9%84%D8%A7%D9%86%D9%8A%20-%20C7053.pdf
2025-08-11 10:03:49 | تم إنهاء السكربت بنجاح
2025-08-11 10:08:20 | ------ طلب جديد ------
2025-08-11 10:08:20 | استقبال اسم ملف: عقد اتفاق - منزل فلان الفلاني - C7053.pdf
2025-08-11 10:08:20 | حجم البيانات المستقبلة: 773788 بايت
2025-08-11 10:08:20 | تم حفظ الملف بنجاح في: /var/www/files/main/public/system/pdf/عقد اتفاق - منزل فلان الفلاني - C7053.pdf
2025-08-11 10:08:20 | رابط الملف: https://alfagolden.com/system/pdf/%D8%B9%D9%82%D8%AF%20%D8%A7%D8%AA%D9%81%D8%A7%D9%82%20-%20%D9%85%D9%86%D8%B2%D9%84%20%D9%81%D9%84%D8%A7%D9%86%20%D8%A7%D9%84%D9%81%D9%84%D8%A7%D9%86%D9%8A%20-%20C7053.pdf
2025-08-11 10:08:20 | تم إنهاء السكربت بنجاح
2025-08-11 11:55:20 | ------ طلب جديد ------
2025-08-11 11:55:20 | استقبال اسم ملف: عرض سعر - منزل وفاء الحربي - 7058.pdf
2025-08-11 11:55:20 | حجم البيانات المستقبلة: 4693522 بايت
2025-08-11 11:55:20 | تم حفظ الملف بنجاح في: /var/www/files/main/public/system/pdf/عرض سعر - منزل وفاء الحربي - 7058.pdf
2025-08-11 11:55:20 | رابط الملف: https://alfagolden.com/system/pdf/%D8%B9%D8%B1%D8%B6%20%D8%B3%D8%B9%D8%B1%20-%20%D9%85%D9%86%D8%B2%D9%84%20%D9%88%D9%81%D8%A7%D8%A1%20%D8%A7%D9%84%D8%AD%D8%B1%D8%A8%D9%8A%20-%207058.pdf
2025-08-11 11:55:20 | تم إنهاء السكربت بنجاح
2025-08-11 11:56:28 | ------ طلب جديد ------
2025-08-11 11:56:28 | استقبال اسم ملف: عقد اتفاق - منزل وفاء الحربي - C7058.pdf
2025-08-11 11:56:28 | حجم البيانات المستقبلة: 767391 بايت
2025-08-11 11:56:28 | تم حفظ الملف بنجاح في: /var/www/files/main/public/system/pdf/عقد اتفاق - منزل وفاء الحربي - C7058.pdf
2025-08-11 11:56:28 | رابط الملف: https://alfagolden.com/system/pdf/%D8%B9%D9%82%D8%AF%20%D8%A7%D8%AA%D9%81%D8%A7%D9%82%20-%20%D9%85%D9%86%D8%B2%D9%84%20%D9%88%D9%81%D8%A7%D8%A1%20%D8%A7%D9%84%D8%AD%D8%B1%D8%A8%D9%8A%20-%20C7058.pdf
2025-08-11 11:56:28 | تم إنهاء السكربت بنجاح
2025-08-13 08:09:35 | ------ طلب جديد ------
2025-08-13 08:09:35 | استقبال اسم ملف: عرض سعر - منزل سمير الدخيل - 7059.pdf
2025-08-13 08:09:35 | حجم البيانات المستقبلة: 4693165 بايت
2025-08-13 08:09:35 | تم حفظ الملف بنجاح في: /var/www/files/main/public/system/pdf/عرض سعر - منزل سمير الدخيل - 7059.pdf
2025-08-13 08:09:35 | رابط الملف: https://alfagolden.com/system/pdf/%D8%B9%D8%B1%D8%B6%20%D8%B3%D8%B9%D8%B1%20-%20%D9%85%D9%86%D8%B2%D9%84%20%D8%B3%D9%85%D9%8A%D8%B1%20%D8%A7%D9%84%D8%AF%D8%AE%D9%8A%D9%84%20-%207059.pdf
2025-08-13 08:09:35 | تم إنهاء السكربت بنجاح
2025-08-13 08:13:10 | ------ طلب جديد ------
2025-08-13 08:13:10 | استقبال اسم ملف: عقد اتفاق - منزل سمير الدخيل - C7059.pdf
2025-08-13 08:13:10 | حجم البيانات المستقبلة: 764173 بايت
2025-08-13 08:13:10 | تم حفظ الملف بنجاح في: /var/www/files/main/public/system/pdf/عقد اتفاق - منزل سمير الدخيل - C7059.pdf
2025-08-13 08:13:10 | رابط الملف: https://alfagolden.com/system/pdf/%D8%B9%D9%82%D8%AF%20%D8%A7%D8%AA%D9%81%D8%A7%D9%82%20-%20%D9%85%D9%86%D8%B2%D9%84%20%D8%B3%D9%85%D9%8A%D8%B1%20%D8%A7%D9%84%D8%AF%D8%AE%D9%8A%D9%84%20-%20C7059.pdf
2025-08-13 08:13:10 | تم إنهاء السكربت بنجاح
2025-08-14 08:02:47 | ------ طلب جديد ------
2025-08-14 08:02:47 | استقبال اسم ملف: عرض سعر - منزل فلان الفلاني - 7060.pdf
2025-08-14 08:02:47 | حجم البيانات المستقبلة: 4497438 بايت
2025-08-14 08:02:47 | تم حفظ الملف بنجاح في: /var/www/files/main/public/system/pdf/عرض سعر - منزل فلان الفلاني - 7060.pdf
2025-08-14 08:02:47 | رابط الملف: https://alfagolden.com/system/pdf/%D8%B9%D8%B1%D8%B6%20%D8%B3%D8%B9%D8%B1%20-%20%D9%85%D9%86%D8%B2%D9%84%20%D9%81%D9%84%D8%A7%D9%86%20%D8%A7%D9%84%D9%81%D9%84%D8%A7%D9%86%D9%8A%20-%207060.pdf
2025-08-14 08:02:47 | تم إنهاء السكربت بنجاح
2025-08-14 10:20:51 | ------ طلب جديد ------
2025-08-14 10:20:51 | استقبال اسم ملف: عقد اتفاق - منزل فلان الفلاني - C7060.pdf
2025-08-14 10:20:51 | حجم البيانات المستقبلة: 673057 بايت
2025-08-14 10:20:51 | تم حفظ الملف بنجاح في: /var/www/files/main/public/system/pdf/عقد اتفاق - منزل فلان الفلاني - C7060.pdf
2025-08-14 10:20:51 | رابط الملف: https://alfagolden.com/system/pdf/%D8%B9%D9%82%D8%AF%20%D8%A7%D8%AA%D9%81%D8%A7%D9%82%20-%20%D9%85%D9%86%D8%B2%D9%84%20%D9%81%D9%84%D8%A7%D9%86%20%D8%A7%D9%84%D9%81%D9%84%D8%A7%D9%86%D9%8A%20-%20C7060.pdf
2025-08-14 10:20:51 | تم إنهاء السكربت بنجاح
2025-08-14 10:20:56 | ------ طلب جديد ------
2025-08-14 10:20:56 | استقبال اسم ملف: عقد اتفاق - منزل فلان الفلاني - C7060.pdf
2025-08-14 10:20:56 | حجم البيانات المستقبلة: 676525 بايت
2025-08-14 10:20:56 | تم حفظ الملف بنجاح في: /var/www/files/main/public/system/pdf/عقد اتفاق - منزل فلان الفلاني - C7060.pdf
2025-08-14 10:20:56 | رابط الملف: https://alfagolden.com/system/pdf/%D8%B9%D9%82%D8%AF%20%D8%A7%D8%AA%D9%81%D8%A7%D9%82%20-%20%D9%85%D9%86%D8%B2%D9%84%20%D9%81%D9%84%D8%A7%D9%86%20%D8%A7%D9%84%D9%81%D9%84%D8%A7%D9%86%D9%8A%20-%20C7060.pdf
2025-08-14 10:20:56 | تم إنهاء السكربت بنجاح
2025-08-19 09:59:47 | ------ طلب جديد ------
2025-08-19 09:59:47 | استقبال اسم ملف: عرض سعر - منزل فلان الفلاني - 7062.pdf
2025-08-19 09:59:47 | حجم البيانات المستقبلة: 4436746 بايت
2025-08-19 09:59:47 | تم حفظ الملف بنجاح في: /var/www/files/main/public/system/pdf/عرض سعر - منزل فلان الفلاني - 7062.pdf
2025-08-19 09:59:47 | رابط الملف: https://alfagolden.com/system/pdf/%D8%B9%D8%B1%D8%B6%20%D8%B3%D8%B9%D8%B1%20-%20%D9%85%D9%86%D8%B2%D9%84%20%D9%81%D9%84%D8%A7%D9%86%20%D8%A7%D9%84%D9%81%D9%84%D8%A7%D9%86%D9%8A%20-%207062.pdf
2025-08-19 09:59:47 | تم إنهاء السكربت بنجاح
2025-08-19 09:59:50 | ------ طلب جديد ------
2025-08-19 09:59:50 | استقبال اسم ملف: عرض سعر - منزل فلان الفلاني - 7062.pdf
2025-08-19 09:59:50 | حجم البيانات المستقبلة: 4436746 بايت
2025-08-19 09:59:50 | تم حفظ الملف بنجاح في: /var/www/files/main/public/system/pdf/عرض سعر - منزل فلان الفلاني - 7062.pdf
2025-08-19 09:59:50 | رابط الملف: https://alfagolden.com/system/pdf/%D8%B9%D8%B1%D8%B6%20%D8%B3%D8%B9%D8%B1%20-%20%D9%85%D9%86%D8%B2%D9%84%20%D9%81%D9%84%D8%A7%D9%86%20%D8%A7%D9%84%D9%81%D9%84%D8%A7%D9%86%D9%8A%20-%207062.pdf
2025-08-19 09:59:50 | تم إنهاء السكربت بنجاح
2025-08-20 07:55:37 | ------ طلب جديد ------
2025-08-20 07:55:37 | استقبال اسم ملف: عرض سعر - منزل فلان الفلاني - 7062.pdf
2025-08-20 07:55:37 | حجم البيانات المستقبلة: 4441355 بايت
2025-08-20 07:55:37 | تم حفظ الملف بنجاح في: /var/www/files/main/public/system/pdf/عرض سعر - منزل فلان الفلاني - 7062.pdf
2025-08-20 07:55:37 | رابط الملف: https://alfagolden.com/system/pdf/%D8%B9%D8%B1%D8%B6%20%D8%B3%D8%B9%D8%B1%20-%20%D9%85%D9%86%D8%B2%D9%84%20%D9%81%D9%84%D8%A7%D9%86%20%D8%A7%D9%84%D9%81%D9%84%D8%A7%D9%86%D9%8A%20-%207062.pdf
2025-08-20 07:55:37 | تم إنهاء السكربت بنجاح
2025-08-20 07:55:55 | ------ طلب جديد ------
2025-08-20 07:55:55 | استقبال اسم ملف: عرض سعر - منزل سمير الدخيل - 7059.pdf
2025-08-20 07:55:55 | حجم البيانات المستقبلة: 4603274 بايت
2025-08-20 07:55:55 | تم حفظ الملف بنجاح في: /var/www/files/main/public/system/pdf/عرض سعر - منزل سمير الدخيل - 7059.pdf
2025-08-20 07:55:55 | رابط الملف: https://alfagolden.com/system/pdf/%D8%B9%D8%B1%D8%B6%20%D8%B3%D8%B9%D8%B1%20-%20%D9%85%D9%86%D8%B2%D9%84%20%D8%B3%D9%85%D9%8A%D8%B1%20%D8%A7%D9%84%D8%AF%D8%AE%D9%8A%D9%84%20-%207059.pdf
2025-08-20 07:55:55 | تم إنهاء السكربت بنجاح
2025-08-20 08:48:04 | ------ طلب جديد ------
2025-08-20 08:48:04 | استقبال اسم ملف: عرض سعر - منزل سمير الدخيل - 7059.pdf
2025-08-20 08:48:04 | حجم البيانات المستقبلة: 4603274 بايت
2025-08-20 08:48:04 | تم حفظ الملف بنجاح في: /var/www/files/main/public/system/pdf/عرض سعر - منزل سمير الدخيل - 7059.pdf
2025-08-20 08:48:04 | رابط الملف: https://alfagolden.com/system/pdf/%D8%B9%D8%B1%D8%B6%20%D8%B3%D8%B9%D8%B1%20-%20%D9%85%D9%86%D8%B2%D9%84%20%D8%B3%D9%85%D9%8A%D8%B1%20%D8%A7%D9%84%D8%AF%D8%AE%D9%8A%D9%84%20-%207059.pdf
2025-08-20 08:48:04 | تم إنهاء السكربت بنجاح
2025-08-24 11:53:38 | ------ طلب جديد ------
2025-08-24 11:53:38 | استقبال اسم ملف: عرض سعر - منزل احمد خليفة - 7063.pdf
2025-08-24 11:53:38 | حجم البيانات المستقبلة: 4642029 بايت
2025-08-24 11:53:38 | تم حفظ الملف بنجاح في: /var/www/files/main/public/system/pdf/عرض سعر - منزل احمد خليفة - 7063.pdf
2025-08-24 11:53:38 | رابط الملف: https://alfagolden.com/system/pdf/%D8%B9%D8%B1%D8%B6%20%D8%B3%D8%B9%D8%B1%20-%20%D9%85%D9%86%D8%B2%D9%84%20%D8%A7%D8%AD%D9%85%D8%AF%20%D8%AE%D9%84%D9%8A%D9%81%D8%A9%20-%207063.pdf
2025-08-24 11:53:38 | تم إنهاء السكربت بنجاح
